/*C3*/SET SCHEMA PUBLIC
INSERT INTO RESERVATION VALUES(102,'2015-01-07',FALSE,6,20.0E0,4,'2015-01-14','2015-01-13 11:00:42.113000','2015-01-13 15:00:42.000000')
COMMIT
INSERT INTO CARTEFORFAIT VALUES(6,2,'2015-01-07','2015-04-07',12)
COMMIT
INSERT INTO CARTEFORFAIT VALUES(6,3,'2015-01-07','2015-07-07',24)
COMMIT
DELETE FROM RESERVATION WHERE IDRESERVATION=102
INSERT INTO RESERVATION VALUES(102,'2015-01-07',TRUE,6,20.0E0,4,'2015-01-14','2015-01-13 11:00:42.113000','2015-01-13 15:00:42.000000')
COMMIT
DELETE FROM UTILISATEUR WHERE IDUTILISATEUR=6
INSERT INTO UTILISATEUR VALUES(6,'Louis','621457854',0)
COMMIT
DELETE FROM RESERVATION WHERE IDRESERVATION=102
INSERT INTO RESERVATION VALUES(102,'2015-01-07',TRUE,6,20.0E0,4,'2015-01-14','2015-01-13 11:00:42.113000','2015-01-13 15:00:42.000000')
COMMIT
DELETE FROM UTILISATEUR WHERE IDUTILISATEUR=6
INSERT INTO UTILISATEUR VALUES(6,'Louis','621457854',0)
COMMIT
DELETE FROM RESERVATION WHERE IDRESERVATION=102
INSERT INTO RESERVATION VALUES(102,'2015-01-07',TRUE,6,20.0E0,4,'2015-01-14','2015-01-13 11:00:42.113000','2015-01-13 15:00:42.000000')
COMMIT
DELETE FROM UTILISATEUR WHERE IDUTILISATEUR=6
INSERT INTO UTILISATEUR VALUES(6,'Louis','621457854',0)
COMMIT
DELETE FROM RESERVATION WHERE IDRESERVATION=102
INSERT INTO RESERVATION VALUES(102,'2015-01-07',TRUE,6,20.0E0,4,'2015-01-14','2015-01-13 11:00:42.113000','2015-01-13 15:00:42.000000')
COMMIT
DELETE FROM UTILISATEUR WHERE IDUTILISATEUR=6
INSERT INTO UTILISATEUR VALUES(6,'Louis','621457854',0)
COMMIT
DELETE FROM RESERVATION WHERE IDRESERVATION=102
INSERT INTO RESERVATION VALUES(102,'2015-01-07',TRUE,6,20.0E0,4,'2015-01-14','2015-01-13 11:00:42.113000','2015-01-13 15:00:42.000000')
COMMIT
DELETE FROM UTILISATEUR WHERE IDUTILISATEUR=6
INSERT INTO UTILISATEUR VALUES(6,'Louis','621457854',0)
COMMIT
DELETE FROM RESERVATION WHERE IDRESERVATION=102
INSERT INTO RESERVATION VALUES(102,'2015-01-07',TRUE,6,20.0E0,4,'2015-01-14','2015-01-13 11:00:42.113000','2015-01-13 15:00:42.000000')
COMMIT
DELETE FROM UTILISATEUR WHERE IDUTILISATEUR=6
INSERT INTO UTILISATEUR VALUES(6,'Louis','621457854',0)
COMMIT
DELETE FROM RESERVATION WHERE IDRESERVATION=102
INSERT INTO RESERVATION VALUES(102,'2015-01-07',TRUE,6,20.0E0,4,'2015-01-14','2015-01-13 11:00:42.113000','2015-01-13 15:00:42.000000')
COMMIT
DELETE FROM UTILISATEUR WHERE IDUTILISATEUR=6
INSERT INTO UTILISATEUR VALUES(6,'Louis','621457854',0)
COMMIT
DELETE FROM RESERVATION WHERE IDRESERVATION=102
INSERT INTO RESERVATION VALUES(102,'2015-01-07',TRUE,6,20.0E0,4,'2015-01-14','2015-01-13 11:00:42.113000','2015-01-13 15:00:42.000000')
COMMIT
DELETE FROM UTILISATEUR WHERE IDUTILISATEUR=6
INSERT INTO UTILISATEUR VALUES(6,'Louis','621457854',0)
COMMIT
DELETE FROM RESERVATION WHERE IDRESERVATION=102
INSERT INTO RESERVATION VALUES(102,'2015-01-07',TRUE,6,20.0E0,4,'2015-01-14','2015-01-13 11:00:42.113000','2015-01-13 15:00:42.000000')
COMMIT
DELETE FROM UTILISATEUR WHERE IDUTILISATEUR=6
INSERT INTO UTILISATEUR VALUES(6,'Louis','621457854',0)
COMMIT
DELETE FROM RESERVATION WHERE IDRESERVATION=102
INSERT INTO RESERVATION VALUES(102,'2015-01-07',TRUE,6,20.0E0,4,'2015-01-14','2015-01-13 11:00:42.113000','2015-01-13 15:00:42.000000')
COMMIT
DELETE FROM UTILISATEUR WHERE IDUTILISATEUR=6
INSERT INTO UTILISATEUR VALUES(6,'Louis','621457854',0)
COMMIT
